# JRE version: OpenJDK Runtime Environment (8.0_152-b02) (build 1.8.0_152-release-1024-b02)
# Java VM: OpenJDK 64-Bit Server VM (25.152-b02 mixed mode windows-amd64 compressed oops)
Heap:
 PSYoungGen      total 123904K, used 70224K [0x00000000e0000000, 0x00000000ea280000, 0x0000000100000000)
  eden space 122368K, 56% used [0x00000000e0000000,0x00000000e4314140,0x00000000e7780000)
  from space 1536K, 100% used [0x00000000e8480000,0x00000000e8600000,0x00000000e8600000)
  to   space 13312K, 0% used [0x00000000e7780000,0x00000000e7780000,0x00000000e8480000)
 ParOldGen       total 63488K, used 30184K [0x00000000a0000000, 0x00000000a3e00000, 0x00000000e0000000)
  object space 63488K, 47% used [0x00000000a0000000,0x00000000a1d7a100,0x00000000a3e00000)
 Metaspace       used 49196K, capacity 50608K, committed 50944K, reserved 1095680K
  class space    used 6692K, capacity 7063K, committed 7168K, reserved 1048576K
GC Heap History (10 events):
Event: 4.928 GC heap before
{Heap before GC invocations=8 (full 1):
 PSYoungGen      total 72192K, used 5685K [0x00000000e0000000, 0x00000000e8d00000, 0x0000000100000000)
  eden space 64512K, 0% used [0x00000000e0000000,0x00000000e0000000,0x00000000e3f00000)
  from space 7680K, 74% used [0x00000000e3f00000,0x00000000e448d708,0x00000000e4680000)
  to   space 7680K, 0% used [0x00000000e8580000,0x00000000e8580000,0x00000000e8d00000)
 ParOldGen       total 44032K, used 8589K [0x00000000a0000000, 0x00000000a2b00000, 0x00000000e0000000)
  object space 44032K, 19% used [0x00000000a0000000,0x00000000a08635d0,0x00000000a2b00000)
 Metaspace       used 20795K, capacity 21212K, committed 21248K, reserved 1067008K
  class space    used 2896K, capacity 3042K, committed 3072K, reserved 1048576K
Event: 5.049 GC heap after
Heap after GC invocations=8 (full 1):
 PSYoungGen      total 72192K, used 0K [0x00000000e0000000, 0x00000000e8d00000, 0x0000000100000000)
  eden space 64512K, 0% used [0x00000000e0000000,0x00000000e0000000,0x00000000e3f00000)
  from space 7680K, 0% used [0x00000000e3f00000,0x00000000e3f00000,0x00000000e4680000)
  to   space 7680K, 0% used [0x00000000e8580000,0x00000000e8580000,0x00000000e8d00000)
 ParOldGen       total 37888K, used 8171K [0x00000000a0000000, 0x00000000a2500000, 0x00000000e0000000)
  object space 37888K, 21% used [0x00000000a0000000,0x00000000a07fad28,0x00000000a2500000)
 Metaspace       used 20795K, capacity 21212K, committed 21248K, reserved 1067008K
  class space    used 2896K, capacity 3042K, committed 3072K, reserved 1048576K
}
Event: 7.064 GC heap before
{Heap before GC invocations=9 (full 1):
 PSYoungGen      total 72192K, used 64512K [0x00000000e0000000, 0x00000000e8d00000, 0x0000000100000000)
  eden space 64512K, 100% used [0x00000000e0000000,0x00000000e3f00000,0x00000000e3f00000)
  from space 7680K, 0% used [0x00000000e3f00000,0x00000000e3f00000,0x00000000e4680000)
  to   space 7680K, 0% used [0x00000000e8580000,0x00000000e8580000,0x00000000e8d00000)
 ParOldGen       total 37888K, used 8171K [0x00000000a0000000, 0x00000000a2500000, 0x00000000e0000000)
  object space 37888K, 21% used [0x00000000a0000000,0x00000000a07fad28,0x00000000a2500000)
 Metaspace       used 26571K, capacity 27126K, committed 27136K, reserved 1073152K
  class space    used 3661K, capacity 3831K, committed 3840K, reserved 1048576K
Event: 7.076 GC heap after
Heap after GC invocations=9 (full 1):
 PSYoungGen      total 99328K, used 7270K [0x00000000e0000000, 0x00000000e8d00000, 0x0000000100000000)
  eden space 91648K, 0% used [0x00000000e0000000,0x00000000e0000000,0x00000000e5980000)
  from space 7680K, 94% used [0x00000000e8580000,0x00000000e8c99a58,0x00000000e8d00000)
  to   space 8704K, 0% used [0x00000000e7c00000,0x00000000e7c00000,0x00000000e8480000)
 ParOldGen       total 37888K, used 8179K [0x00000000a0000000, 0x00000000a2500000, 0x00000000e0000000)
  object space 37888K, 21% used [0x00000000a0000000,0x00000000a07fcd28,0x00000000a2500000)
 Metaspace       used 26571K, capacity 27126K, committed 27136K, reserved 1073152K
  class space    used 3661K, capacity 3831K, committed 3840K, reserved 1048576K
}
Event: 17.121 GC heap before
{Heap before GC invocations=10 (full 1):
 PSYoungGen      total 99328K, used 95943K [0x00000000e0000000, 0x00000000e8d00000, 0x0000000100000000)
  eden space 91648K, 96% used [0x00000000e0000000,0x00000000e5698588,0x00000000e5980000)
  from space 7680K, 94% used [0x00000000e8580000,0x00000000e8c99a58,0x00000000e8d00000)
  to   space 8704K, 0% used [0x00000000e7c00000,0x00000000e7c00000,0x00000000e8480000)
 ParOldGen       total 37888K, used 8179K [0x00000000a0000000, 0x00000000a2500000, 0x00000000e0000000)
  object space 37888K, 21% used [0x00000000a0000000,0x00000000a07fcd28,0x00000000a2500000)
 Metaspace       used 34660K, capacity 35280K, committed 35416K, reserved 1079296K
  class space    used 4782K, capacity 5000K, committed 5120K, reserved 1048576K
Event: 17.145 GC heap after
Heap after GC invocations=10 (full 1):
 PSYoungGen      total 120320K, used 8678K [0x00000000e0000000, 0x00000000e8600000, 0x0000000100000000)
  eden space 111616K, 0% used [0x00000000e0000000,0x00000000e0000000,0x00000000e6d00000)
  from space 8704K, 99% used [0x00000000e7c00000,0x00000000e84798f0,0x00000000e8480000)
  to   space 1536K, 0% used [0x00000000e8480000,0x00000000e8480000,0x00000000e8600000)
 ParOldGen       total 37888K, used 12384K [0x00000000a0000000, 0x00000000a2500000, 0x00000000e0000000)
  object space 37888K, 32% used [0x00000000a0000000,0x00000000a0c18170,0x00000000a2500000)
 Metaspace       used 34660K, capacity 35280K, committed 35416K, reserved 1079296K
  class space    used 4782K, capacity 5000K, committed 5120K, reserved 1048576K
}
Event: 17.145 GC heap before
{Heap before GC invocations=11 (full 2):
 PSYoungGen      total 120320K, used 8678K [0x00000000e0000000, 0x00000000e8600000, 0x0000000100000000)
  eden space 111616K, 0% used [0x00000000e0000000,0x00000000e0000000,0x00000000e6d00000)
  from space 8704K, 99% used [0x00000000e7c00000,0x00000000e84798f0,0x00000000e8480000)
  to   space 1536K, 0% used [0x00000000e8480000,0x00000000e8480000,0x00000000e8600000)
 ParOldGen       total 37888K, used 12384K [0x00000000a0000000, 0x00000000a2500000, 0x00000000e0000000)
  object space 37888K, 32% used [0x00000000a0000000,0x00000000a0c18170,0x00000000a2500000)
 Metaspace       used 34660K, capacity 35280K, committed 35416K, reserved 1079296K
  class space    used 4782K, capacity 5000K, committed 5120K, reserved 1048576K
Event: 17.228 GC heap after
Heap after GC invocations=11 (full 2):
 PSYoungGen      total 120320K, used 0K [0x00000000e0000000, 0x00000000e8600000, 0x0000000100000000)
  eden space 111616K, 0% used [0x00000000e0000000,0x00000000e0000000,0x00000000e6d00000)
  from space 8704K, 0% used [0x00000000e7c00000,0x00000000e7c00000,0x00000000e8480000)
  to   space 1536K, 0% used [0x00000000e8480000,0x00000000e8480000,0x00000000e8600000)
 ParOldGen       total 63488K, used 19428K [0x00000000a0000000, 0x00000000a3e00000, 0x00000000e0000000)
  object space 63488K, 30% used [0x00000000a0000000,0x00000000a12f9110,0x00000000a3e00000)
 Metaspace       used 34660K, capacity 35280K, committed 35416K, reserved 1079296K
  class space    used 4782K, capacity 5000K, committed 5120K, reserved 1048576K
}
Event: 23.659 GC heap before
{Heap before GC invocations=12 (full 2):
 PSYoungGen      total 120320K, used 111616K [0x00000000e0000000, 0x00000000e8600000, 0x0000000100000000)
  eden space 111616K, 100% used [0x00000000e0000000,0x00000000e6d00000,0x00000000e6d00000)
  from space 8704K, 0% used [0x00000000e7c00000,0x00000000e7c00000,0x00000000e8480000)
  to   space 1536K, 0% used [0x00000000e8480000,0x00000000e8480000,0x00000000e8600000)
 ParOldGen       total 63488K, used 19428K [0x00000000a0000000, 0x00000000a3e00000, 0x00000000e0000000)
  object space 63488K, 30% used [0x00000000a0000000,0x00000000a12f9110,0x00000000a3e00000)
 Metaspace       used 41606K, capacity 42596K, committed 42880K, reserved 1085440K
  class space    used 5690K, capacity 5969K, committed 6016K, reserved 1048576K
Event: 23.681 GC heap after
Heap after GC invocations=12 (full 2):
 PSYoungGen      total 123904K, used 1536K [0x00000000e0000000, 0x00000000ea280000, 0x0000000100000000)
  eden space 122368K, 0% used [0x00000000e0000000,0x00000000e0000000,0x00000000e7780000)
  from space 1536K, 100% used [0x00000000e8480000,0x00000000e8600000,0x00000000e8600000)
  to   space 13312K, 0% used [0x00000000e7780000,0x00000000e7780000,0x00000000e8480000)
 ParOldGen       total 63488K, used 30184K [0x00000000a0000000, 0x00000000a3e00000, 0x00000000e0000000)
  object space 63488K, 47% used [0x00000000a0000000,0x00000000a1d7a100,0x00000000a3e00000)
 Metaspace       used 41606K, capacity 42596K, committed 42880K, reserved 1085440K
  class space    used 5690K, capacity 5969K, committed 6016K, reserved 1048576K
}

