# JRE version: OpenJDK Runtime Environment (8.0_152-b02) (build 1.8.0_152-release-1024-b02)
# Java VM: OpenJDK 64-Bit Server VM (25.152-b02 mixed mode windows-amd64 compressed oops)
Heap:
 PSYoungGen      total 135680K, used 52354K [0x00000000e0000000, 0x00000000e9480000, 0x0000000100000000)
  eden space 126976K, 41% used [0x00000000e0000000,0x00000000e3320ab0,0x00000000e7c00000)
  from space 8704K, 0% used [0x00000000e7c00000,0x00000000e7c00000,0x00000000e8480000)
  to   space 11264K, 0% used [0x00000000e8980000,0x00000000e8980000,0x00000000e9480000)
 ParOldGen       total 59904K, used 19443K [0x00000000a0000000, 0x00000000a3a80000, 0x00000000e0000000)
  object space 59904K, 32% used [0x00000000a0000000,0x00000000a12fcc70,0x00000000a3a80000)
 Metaspace       used 37066K, capacity 37832K, committed 38144K, reserved 1081344K
  class space    used 5078K, capacity 5336K, committed 5376K, reserved 1048576K
GC Heap History (10 events):
Event: 4.689 GC heap before
{Heap before GC invocations=7 (full 0):
 PSYoungGen      total 71168K, used 20389K [0x00000000e0000000, 0x00000000e4f00000, 0x0000000100000000)
  eden space 64512K, 21% used [0x00000000e0000000,0x00000000e0d6d340,0x00000000e3f00000)
  from space 6656K, 99% used [0x00000000e4680000,0x00000000e4cfc3d0,0x00000000e4d00000)
  to   space 7680K, 0% used [0x00000000e3f00000,0x00000000e3f00000,0x00000000e4680000)
 ParOldGen       total 44032K, used 7856K [0x00000000a0000000, 0x00000000a2b00000, 0x00000000e0000000)
  object space 44032K, 17% used [0x00000000a0000000,0x00000000a07ac330,0x00000000a2b00000)
 Metaspace       used 20802K, capacity 21212K, committed 21248K, reserved 1067008K
  class space    used 2896K, capacity 3042K, committed 3072K, reserved 1048576K
Event: 4.699 GC heap after
Heap after GC invocations=7 (full 0):
 PSYoungGen      total 72192K, used 5436K [0x00000000e0000000, 0x00000000e8d00000, 0x0000000100000000)
  eden space 64512K, 0% used [0x00000000e0000000,0x00000000e0000000,0x00000000e3f00000)
  from space 7680K, 70% used [0x00000000e3f00000,0x00000000e444f080,0x00000000e4680000)
  to   space 7680K, 0% used [0x00000000e8580000,0x00000000e8580000,0x00000000e8d00000)
 ParOldGen       total 44032K, used 8742K [0x00000000a0000000, 0x00000000a2b00000, 0x00000000e0000000)
  object space 44032K, 19% used [0x00000000a0000000,0x00000000a0889928,0x00000000a2b00000)
 Metaspace       used 20802K, capacity 21212K, committed 21248K, reserved 1067008K
  class space    used 2896K, capacity 3042K, committed 3072K, reserved 1048576K
}
Event: 4.699 GC heap before
{Heap before GC invocations=8 (full 1):
 PSYoungGen      total 72192K, used 5436K [0x00000000e0000000, 0x00000000e8d00000, 0x0000000100000000)
  eden space 64512K, 0% used [0x00000000e0000000,0x00000000e0000000,0x00000000e3f00000)
  from space 7680K, 70% used [0x00000000e3f00000,0x00000000e444f080,0x00000000e4680000)
  to   space 7680K, 0% used [0x00000000e8580000,0x00000000e8580000,0x00000000e8d00000)
 ParOldGen       total 44032K, used 8742K [0x00000000a0000000, 0x00000000a2b00000, 0x00000000e0000000)
  object space 44032K, 19% used [0x00000000a0000000,0x00000000a0889928,0x00000000a2b00000)
 Metaspace       used 20802K, capacity 21212K, committed 21248K, reserved 1067008K
  class space    used 2896K, capacity 3042K, committed 3072K, reserved 1048576K
Event: 4.760 GC heap after
Heap after GC invocations=8 (full 1):
 PSYoungGen      total 72192K, used 0K [0x00000000e0000000, 0x00000000e8d00000, 0x0000000100000000)
  eden space 64512K, 0% used [0x00000000e0000000,0x00000000e0000000,0x00000000e3f00000)
  from space 7680K, 0% used [0x00000000e3f00000,0x00000000e3f00000,0x00000000e4680000)
  to   space 7680K, 0% used [0x00000000e8580000,0x00000000e8580000,0x00000000e8d00000)
 ParOldGen       total 35840K, used 8129K [0x00000000a0000000, 0x00000000a2300000, 0x00000000e0000000)
  object space 35840K, 22% used [0x00000000a0000000,0x00000000a07f04d8,0x00000000a2300000)
 Metaspace       used 20802K, capacity 21212K, committed 21248K, reserved 1067008K
  class space    used 2896K, capacity 3042K, committed 3072K, reserved 1048576K
}
Event: 6.998 GC heap before
{Heap before GC invocations=9 (full 1):
 PSYoungGen      total 72192K, used 64512K [0x00000000e0000000, 0x00000000e8d00000, 0x0000000100000000)
  eden space 64512K, 100% used [0x00000000e0000000,0x00000000e3f00000,0x00000000e3f00000)
  from space 7680K, 0% used [0x00000000e3f00000,0x00000000e3f00000,0x00000000e4680000)
  to   space 7680K, 0% used [0x00000000e8580000,0x00000000e8580000,0x00000000e8d00000)
 ParOldGen       total 35840K, used 8129K [0x00000000a0000000, 0x00000000a2300000, 0x00000000e0000000)
  object space 35840K, 22% used [0x00000000a0000000,0x00000000a07f04d8,0x00000000a2300000)
 Metaspace       used 26584K, capacity 27126K, committed 27136K, reserved 1073152K
  class space    used 3660K, capacity 3831K, committed 3840K, reserved 1048576K
Event: 7.026 GC heap after
Heap after GC invocations=9 (full 1):
 PSYoungGen      total 107520K, used 7316K [0x00000000e0000000, 0x00000000e8d00000, 0x0000000100000000)
  eden space 99840K, 0% used [0x00000000e0000000,0x00000000e0000000,0x00000000e6180000)
  from space 7680K, 95% used [0x00000000e8580000,0x00000000e8ca50b8,0x00000000e8d00000)
  to   space 8704K, 0% used [0x00000000e7c00000,0x00000000e7c00000,0x00000000e8480000)
 ParOldGen       total 35840K, used 8137K [0x00000000a0000000, 0x00000000a2300000, 0x00000000e0000000)
  object space 35840K, 22% used [0x00000000a0000000,0x00000000a07f24d8,0x00000000a2300000)
 Metaspace       used 26584K, capacity 27126K, committed 27136K, reserved 1073152K
  class space    used 3660K, capacity 3831K, committed 3840K, reserved 1048576K
}
Event: 13.150 GC heap before
{Heap before GC invocations=10 (full 1):
 PSYoungGen      total 107520K, used 96690K [0x00000000e0000000, 0x00000000e8d00000, 0x0000000100000000)
  eden space 99840K, 89% used [0x00000000e0000000,0x00000000e5747a88,0x00000000e6180000)
  from space 7680K, 95% used [0x00000000e8580000,0x00000000e8ca50b8,0x00000000e8d00000)
  to   space 8704K, 0% used [0x00000000e7c00000,0x00000000e7c00000,0x00000000e8480000)
 ParOldGen       total 35840K, used 8137K [0x00000000a0000000, 0x00000000a2300000, 0x00000000e0000000)
  object space 35840K, 22% used [0x00000000a0000000,0x00000000a07f24d8,0x00000000a2300000)
 Metaspace       used 34672K, capacity 35280K, committed 35416K, reserved 1079296K
  class space    used 4780K, capacity 5000K, committed 5120K, reserved 1048576K
Event: 13.168 GC heap after
Heap after GC invocations=10 (full 1):
 PSYoungGen      total 135680K, used 8680K [0x00000000e0000000, 0x00000000e9480000, 0x0000000100000000)
  eden space 126976K, 0% used [0x00000000e0000000,0x00000000e0000000,0x00000000e7c00000)
  from space 8704K, 99% used [0x00000000e7c00000,0x00000000e847a210,0x00000000e8480000)
  to   space 11264K, 0% used [0x00000000e8980000,0x00000000e8980000,0x00000000e9480000)
 ParOldGen       total 35840K, used 12282K [0x00000000a0000000, 0x00000000a2300000, 0x00000000e0000000)
  object space 35840K, 34% used [0x00000000a0000000,0x00000000a0bfe910,0x00000000a2300000)
 Metaspace       used 34672K, capacity 35280K, committed 35416K, reserved 1079296K
  class space    used 4780K, capacity 5000K, committed 5120K, reserved 1048576K
}
Event: 13.168 GC heap before
{Heap before GC invocations=11 (full 2):
 PSYoungGen      total 135680K, used 8680K [0x00000000e0000000, 0x00000000e9480000, 0x0000000100000000)
  eden space 126976K, 0% used [0x00000000e0000000,0x00000000e0000000,0x00000000e7c00000)
  from space 8704K, 99% used [0x00000000e7c00000,0x00000000e847a210,0x00000000e8480000)
  to   space 11264K, 0% used [0x00000000e8980000,0x00000000e8980000,0x00000000e9480000)
 ParOldGen       total 35840K, used 12282K [0x00000000a0000000, 0x00000000a2300000, 0x00000000e0000000)
  object space 35840K, 34% used [0x00000000a0000000,0x00000000a0bfe910,0x00000000a2300000)
 Metaspace       used 34672K, capacity 35280K, committed 35416K, reserved 1079296K
  class space    used 4780K, capacity 5000K, committed 5120K, reserved 1048576K
Event: 13.245 GC heap after
Heap after GC invocations=11 (full 2):
 PSYoungGen      total 135680K, used 0K [0x00000000e0000000, 0x00000000e9480000, 0x0000000100000000)
  eden space 126976K, 0% used [0x00000000e0000000,0x00000000e0000000,0x00000000e7c00000)
  from space 8704K, 0% used [0x00000000e7c00000,0x00000000e7c00000,0x00000000e8480000)
  to   space 11264K, 0% used [0x00000000e8980000,0x00000000e8980000,0x00000000e9480000)
 ParOldGen       total 59904K, used 19443K [0x00000000a0000000, 0x00000000a3a80000, 0x00000000e0000000)
  object space 59904K, 32% used [0x00000000a0000000,0x00000000a12fcc70,0x00000000a3a80000)
 Metaspace       used 34672K, capacity 35280K, committed 35416K, reserved 1079296K
  class space    used 4780K, capacity 5000K, committed 5120K, reserved 1048576K
}

