# JRE version: OpenJDK Runtime Environment (8.0_152-b02) (build 1.8.0_152-release-1024-b02)
# Java VM: OpenJDK 64-Bit Server VM (25.152-b02 mixed mode windows-amd64 compressed oops)
Heap:
 PSYoungGen      total 54784K, used 10875K [0x00000000e0000000, 0x00000000e3e00000, 0x0000000100000000)
  eden space 48128K, 12% used [0x00000000e0000000,0x00000000e05cc348,0x00000000e2f00000)
  from space 6656K, 74% used [0x00000000e3780000,0x00000000e3c528c0,0x00000000e3e00000)
  to   space 7680K, 0% used [0x00000000e2f00000,0x00000000e2f00000,0x00000000e3680000)
 ParOldGen       total 40448K, used 10897K [0x00000000a0000000, 0x00000000a2780000, 0x00000000e0000000)
  object space 40448K, 26% used [0x00000000a0000000,0x00000000a0aa4710,0x00000000a2780000)
 Metaspace       used 26824K, capacity 27420K, committed 27776K, reserved 1073152K
  class space    used 3702K, capacity 3865K, committed 3968K, reserved 1048576K
GC Heap History (10 events):
Event: 5.583 GC heap before
{Heap before GC invocations=5 (full 0):
 PSYoungGen      total 35328K, used 35304K [0x00000000e0000000, 0x00000000e2500000, 0x0000000100000000)
  eden space 32768K, 100% used [0x00000000e0000000,0x00000000e2000000,0x00000000e2000000)
  from space 2560K, 99% used [0x00000000e2280000,0x00000000e24fa020,0x00000000e2500000)
  to   space 2560K, 0% used [0x00000000e2000000,0x00000000e2000000,0x00000000e2280000)
 ParOldGen       total 44032K, used 7977K [0x00000000a0000000, 0x00000000a2b00000, 0x00000000e0000000)
  object space 44032K, 18% used [0x00000000a0000000,0x00000000a07ca500,0x00000000a2b00000)
 Metaspace       used 17616K, capacity 18076K, committed 18304K, reserved 1064960K
  class space    used 2530K, capacity 2658K, committed 2688K, reserved 1048576K
Event: 5.592 GC heap after
Heap after GC invocations=5 (full 0):
 PSYoungGen      total 34304K, used 2536K [0x00000000e0000000, 0x00000000e2f00000, 0x0000000100000000)
  eden space 31744K, 0% used [0x00000000e0000000,0x00000000e0000000,0x00000000e1f00000)
  from space 2560K, 99% used [0x00000000e2000000,0x00000000e227a020,0x00000000e2280000)
  to   space 8192K, 0% used [0x00000000e2700000,0x00000000e2700000,0x00000000e2f00000)
 ParOldGen       total 44032K, used 12071K [0x00000000a0000000, 0x00000000a2b00000, 0x00000000e0000000)
  object space 44032K, 27% used [0x00000000a0000000,0x00000000a0bc9f20,0x00000000a2b00000)
 Metaspace       used 17616K, capacity 18076K, committed 18304K, reserved 1064960K
  class space    used 2530K, capacity 2658K, committed 2688K, reserved 1048576K
}
Event: 6.457 GC heap before
{Heap before GC invocations=6 (full 0):
 PSYoungGen      total 34304K, used 16185K [0x00000000e0000000, 0x00000000e2f00000, 0x0000000100000000)
  eden space 31744K, 42% used [0x00000000e0000000,0x00000000e0d54430,0x00000000e1f00000)
  from space 2560K, 99% used [0x00000000e2000000,0x00000000e227a020,0x00000000e2280000)
  to   space 8192K, 0% used [0x00000000e2700000,0x00000000e2700000,0x00000000e2f00000)
 ParOldGen       total 44032K, used 12071K [0x00000000a0000000, 0x00000000a2b00000, 0x00000000e0000000)
  object space 44032K, 27% used [0x00000000a0000000,0x00000000a0bc9f20,0x00000000a2b00000)
 Metaspace       used 20799K, capacity 21212K, committed 21248K, reserved 1067008K
  class space    used 2896K, capacity 3042K, committed 3072K, reserved 1048576K
Event: 6.493 GC heap after
Heap after GC invocations=6 (full 0):
 PSYoungGen      total 39936K, used 5304K [0x00000000e0000000, 0x00000000e4e00000, 0x0000000100000000)
  eden space 31744K, 0% used [0x00000000e0000000,0x00000000e0000000,0x00000000e1f00000)
  from space 8192K, 64% used [0x00000000e2700000,0x00000000e2c2e0d0,0x00000000e2f00000)
  to   space 8192K, 0% used [0x00000000e1f00000,0x00000000e1f00000,0x00000000e2700000)
 ParOldGen       total 44032K, used 12079K [0x00000000a0000000, 0x00000000a2b00000, 0x00000000e0000000)
  object space 44032K, 27% used [0x00000000a0000000,0x00000000a0bcbf20,0x00000000a2b00000)
 Metaspace       used 20799K, capacity 21212K, committed 21248K, reserved 1067008K
  class space    used 2896K, capacity 3042K, committed 3072K, reserved 1048576K
}
Event: 6.493 GC heap before
{Heap before GC invocations=7 (full 1):
 PSYoungGen      total 39936K, used 5304K [0x00000000e0000000, 0x00000000e4e00000, 0x0000000100000000)
  eden space 31744K, 0% used [0x00000000e0000000,0x00000000e0000000,0x00000000e1f00000)
  from space 8192K, 64% used [0x00000000e2700000,0x00000000e2c2e0d0,0x00000000e2f00000)
  to   space 8192K, 0% used [0x00000000e1f00000,0x00000000e1f00000,0x00000000e2700000)
 ParOldGen       total 44032K, used 12079K [0x00000000a0000000, 0x00000000a2b00000, 0x00000000e0000000)
  object space 44032K, 27% used [0x00000000a0000000,0x00000000a0bcbf20,0x00000000a2b00000)
 Metaspace       used 20799K, capacity 21212K, committed 21248K, reserved 1067008K
  class space    used 2896K, capacity 3042K, committed 3072K, reserved 1048576K
Event: 6.567 GC heap after
Heap after GC invocations=7 (full 1):
 PSYoungGen      total 39936K, used 0K [0x00000000e0000000, 0x00000000e4e00000, 0x0000000100000000)
  eden space 31744K, 0% used [0x00000000e0000000,0x00000000e0000000,0x00000000e1f00000)
  from space 8192K, 0% used [0x00000000e2700000,0x00000000e2700000,0x00000000e2f00000)
  to   space 8192K, 0% used [0x00000000e1f00000,0x00000000e1f00000,0x00000000e2700000)
 ParOldGen       total 40448K, used 10881K [0x00000000a0000000, 0x00000000a2780000, 0x00000000e0000000)
  object space 40448K, 26% used [0x00000000a0000000,0x00000000a0aa0710,0x00000000a2780000)
 Metaspace       used 20799K, capacity 21212K, committed 21248K, reserved 1067008K
  class space    used 2896K, capacity 3042K, committed 3072K, reserved 1048576K
}
Event: 7.932 GC heap before
{Heap before GC invocations=8 (full 1):
 PSYoungGen      total 39936K, used 31744K [0x00000000e0000000, 0x00000000e4e00000, 0x0000000100000000)
  eden space 31744K, 100% used [0x00000000e0000000,0x00000000e1f00000,0x00000000e1f00000)
  from space 8192K, 0% used [0x00000000e2700000,0x00000000e2700000,0x00000000e2f00000)
  to   space 8192K, 0% used [0x00000000e1f00000,0x00000000e1f00000,0x00000000e2700000)
 ParOldGen       total 40448K, used 10881K [0x00000000a0000000, 0x00000000a2780000, 0x00000000e0000000)
  object space 40448K, 26% used [0x00000000a0000000,0x00000000a0aa0710,0x00000000a2780000)
 Metaspace       used 24047K, capacity 24556K, committed 24832K, reserved 1071104K
  class space    used 3297K, capacity 3467K, committed 3584K, reserved 1048576K
Event: 7.940 GC heap after
Heap after GC invocations=8 (full 1):
 PSYoungGen      total 39936K, used 3933K [0x00000000e0000000, 0x00000000e3f00000, 0x0000000100000000)
  eden space 31744K, 0% used [0x00000000e0000000,0x00000000e0000000,0x00000000e1f00000)
  from space 8192K, 48% used [0x00000000e1f00000,0x00000000e22d76f8,0x00000000e2700000)
  to   space 7680K, 0% used [0x00000000e3780000,0x00000000e3780000,0x00000000e3f00000)
 ParOldGen       total 40448K, used 10889K [0x00000000a0000000, 0x00000000a2780000, 0x00000000e0000000)
  object space 40448K, 26% used [0x00000000a0000000,0x00000000a0aa2710,0x00000000a2780000)
 Metaspace       used 24047K, capacity 24556K, committed 24832K, reserved 1071104K
  class space    used 3297K, capacity 3467K, committed 3584K, reserved 1048576K
}
Event: 9.336 GC heap before
{Heap before GC invocations=9 (full 1):
 PSYoungGen      total 39936K, used 35677K [0x00000000e0000000, 0x00000000e3f00000, 0x0000000100000000)
  eden space 31744K, 100% used [0x00000000e0000000,0x00000000e1f00000,0x00000000e1f00000)
  from space 8192K, 48% used [0x00000000e1f00000,0x00000000e22d76f8,0x00000000e2700000)
  to   space 7680K, 0% used [0x00000000e3780000,0x00000000e3780000,0x00000000e3f00000)
 ParOldGen       total 40448K, used 10889K [0x00000000a0000000, 0x00000000a2780000, 0x00000000e0000000)
  object space 40448K, 26% used [0x00000000a0000000,0x00000000a0aa2710,0x00000000a2780000)
 Metaspace       used 26543K, capacity 27126K, committed 27136K, reserved 1073152K
  class space    used 3657K, capacity 3831K, committed 3840K, reserved 1048576K
Event: 9.346 GC heap after
Heap after GC invocations=9 (full 1):
 PSYoungGen      total 54784K, used 4938K [0x00000000e0000000, 0x00000000e3e00000, 0x0000000100000000)
  eden space 48128K, 0% used [0x00000000e0000000,0x00000000e0000000,0x00000000e2f00000)
  from space 6656K, 74% used [0x00000000e3780000,0x00000000e3c528c0,0x00000000e3e00000)
  to   space 7680K, 0% used [0x00000000e2f00000,0x00000000e2f00000,0x00000000e3680000)
 ParOldGen       total 40448K, used 10897K [0x00000000a0000000, 0x00000000a2780000, 0x00000000e0000000)
  object space 40448K, 26% used [0x00000000a0000000,0x00000000a0aa4710,0x00000000a2780000)
 Metaspace       used 26543K, capacity 27126K, committed 27136K, reserved 1073152K
  class space    used 3657K, capacity 3831K, committed 3840K, reserved 1048576K
}

