# JRE version: OpenJDK Runtime Environment (8.0_152-b02) (build 1.8.0_152-release-1024-b02)
# Java VM: OpenJDK 64-Bit Server VM (25.152-b02 mixed mode windows-amd64 compressed oops)
Heap:
 PSYoungGen      total 133632K, used 51487K [0x00000000e0000000, 0x00000000eb800000, 0x0000000100000000)
  eden space 122368K, 32% used [0x00000000e0000000,0x00000000e274d7e0,0x00000000e7780000)
  from space 11264K, 99% used [0x00000000e8500000,0x00000000e8ffa790,0x00000000e9000000)
  to   space 13824K, 0% used [0x00000000e7780000,0x00000000e7780000,0x00000000e8500000)
 ParOldGen       total 60928K, used 21985K [0x00000000a0000000, 0x00000000a3b80000, 0x00000000e0000000)
  object space 60928K, 36% used [0x00000000a0000000,0x00000000a1578500,0x00000000a3b80000)
 Metaspace       used 47929K, capacity 49096K, committed 49408K, reserved 1091584K
  class space    used 6484K, capacity 6797K, committed 6912K, reserved 1048576K
GC Heap History (10 events):
Event: 5.911 GC heap before
{Heap before GC invocations=8 (full 1):
 PSYoungGen      total 72192K, used 5499K [0x00000000e0000000, 0x00000000e8d00000, 0x0000000100000000)
  eden space 64512K, 0% used [0x00000000e0000000,0x00000000e0000000,0x00000000e3f00000)
  from space 7680K, 71% used [0x00000000e3f00000,0x00000000e445eec0,0x00000000e4680000)
  to   space 7680K, 0% used [0x00000000e8580000,0x00000000e8580000,0x00000000e8d00000)
 ParOldGen       total 44032K, used 8663K [0x00000000a0000000, 0x00000000a2b00000, 0x00000000e0000000)
  object space 44032K, 19% used [0x00000000a0000000,0x00000000a0875e18,0x00000000a2b00000)
 Metaspace       used 20804K, capacity 21212K, committed 21248K, reserved 1067008K
  class space    used 2896K, capacity 3042K, committed 3072K, reserved 1048576K
Event: 5.978 GC heap after
Heap after GC invocations=8 (full 1):
 PSYoungGen      total 72192K, used 0K [0x00000000e0000000, 0x00000000e8d00000, 0x0000000100000000)
  eden space 64512K, 0% used [0x00000000e0000000,0x00000000e0000000,0x00000000e3f00000)
  from space 7680K, 0% used [0x00000000e3f00000,0x00000000e3f00000,0x00000000e4680000)
  to   space 7680K, 0% used [0x00000000e8580000,0x00000000e8580000,0x00000000e8d00000)
 ParOldGen       total 36352K, used 8173K [0x00000000a0000000, 0x00000000a2380000, 0x00000000e0000000)
  object space 36352K, 22% used [0x00000000a0000000,0x00000000a07fb418,0x00000000a2380000)
 Metaspace       used 20804K, capacity 21212K, committed 21248K, reserved 1067008K
  class space    used 2896K, capacity 3042K, committed 3072K, reserved 1048576K
}
Event: 8.146 GC heap before
{Heap before GC invocations=9 (full 1):
 PSYoungGen      total 72192K, used 64512K [0x00000000e0000000, 0x00000000e8d00000, 0x0000000100000000)
  eden space 64512K, 100% used [0x00000000e0000000,0x00000000e3f00000,0x00000000e3f00000)
  from space 7680K, 0% used [0x00000000e3f00000,0x00000000e3f00000,0x00000000e4680000)
  to   space 7680K, 0% used [0x00000000e8580000,0x00000000e8580000,0x00000000e8d00000)
 ParOldGen       total 36352K, used 8173K [0x00000000a0000000, 0x00000000a2380000, 0x00000000e0000000)
  object space 36352K, 22% used [0x00000000a0000000,0x00000000a07fb418,0x00000000a2380000)
 Metaspace       used 26520K, capacity 27126K, committed 27136K, reserved 1073152K
  class space    used 3651K, capacity 3831K, committed 3840K, reserved 1048576K
Event: 8.161 GC heap after
Heap after GC invocations=9 (full 1):
 PSYoungGen      total 105472K, used 7197K [0x00000000e0000000, 0x00000000e8d00000, 0x0000000100000000)
  eden space 97792K, 0% used [0x00000000e0000000,0x00000000e0000000,0x00000000e5f80000)
  from space 7680K, 93% used [0x00000000e8580000,0x00000000e8c87790,0x00000000e8d00000)
  to   space 8704K, 0% used [0x00000000e7c00000,0x00000000e7c00000,0x00000000e8480000)
 ParOldGen       total 36352K, used 8181K [0x00000000a0000000, 0x00000000a2380000, 0x00000000e0000000)
  object space 36352K, 22% used [0x00000000a0000000,0x00000000a07fd418,0x00000000a2380000)
 Metaspace       used 26520K, capacity 27126K, committed 27136K, reserved 1073152K
  class space    used 3651K, capacity 3831K, committed 3840K, reserved 1048576K
}
Event: 17.122 GC heap before
{Heap before GC invocations=10 (full 1):
 PSYoungGen      total 105472K, used 97482K [0x00000000e0000000, 0x00000000e8d00000, 0x0000000100000000)
  eden space 97792K, 92% used [0x00000000e0000000,0x00000000e582b188,0x00000000e5f80000)
  from space 7680K, 93% used [0x00000000e8580000,0x00000000e8c87790,0x00000000e8d00000)
  to   space 8704K, 0% used [0x00000000e7c00000,0x00000000e7c00000,0x00000000e8480000)
 ParOldGen       total 36352K, used 8181K [0x00000000a0000000, 0x00000000a2380000, 0x00000000e0000000)
  object space 36352K, 22% used [0x00000000a0000000,0x00000000a07fd418,0x00000000a2380000)
 Metaspace       used 34770K, capacity 35322K, committed 35416K, reserved 1079296K
  class space    used 4788K, capacity 4971K, committed 4992K, reserved 1048576K
Event: 17.137 GC heap after
Heap after GC invocations=10 (full 1):
 PSYoungGen      total 133632K, used 8678K [0x00000000e0000000, 0x00000000e9000000, 0x0000000100000000)
  eden space 124928K, 0% used [0x00000000e0000000,0x00000000e0000000,0x00000000e7a00000)
  from space 8704K, 99% used [0x00000000e7c00000,0x00000000e8479938,0x00000000e8480000)
  to   space 11264K, 0% used [0x00000000e8500000,0x00000000e8500000,0x00000000e9000000)
 ParOldGen       total 36352K, used 12522K [0x00000000a0000000, 0x00000000a2380000, 0x00000000e0000000)
  object space 36352K, 34% used [0x00000000a0000000,0x00000000a0c3aad0,0x00000000a2380000)
 Metaspace       used 34770K, capacity 35322K, committed 35416K, reserved 1079296K
  class space    used 4788K, capacity 4971K, committed 4992K, reserved 1048576K
}
Event: 17.137 GC heap before
{Heap before GC invocations=11 (full 2):
 PSYoungGen      total 133632K, used 8678K [0x00000000e0000000, 0x00000000e9000000, 0x0000000100000000)
  eden space 124928K, 0% used [0x00000000e0000000,0x00000000e0000000,0x00000000e7a00000)
  from space 8704K, 99% used [0x00000000e7c00000,0x00000000e8479938,0x00000000e8480000)
  to   space 11264K, 0% used [0x00000000e8500000,0x00000000e8500000,0x00000000e9000000)
 ParOldGen       total 36352K, used 12522K [0x00000000a0000000, 0x00000000a2380000, 0x00000000e0000000)
  object space 36352K, 34% used [0x00000000a0000000,0x00000000a0c3aad0,0x00000000a2380000)
 Metaspace       used 34770K, capacity 35322K, committed 35416K, reserved 1079296K
  class space    used 4788K, capacity 4971K, committed 4992K, reserved 1048576K
Event: 17.216 GC heap after
Heap after GC invocations=11 (full 2):
 PSYoungGen      total 133632K, used 0K [0x00000000e0000000, 0x00000000e9000000, 0x0000000100000000)
  eden space 124928K, 0% used [0x00000000e0000000,0x00000000e0000000,0x00000000e7a00000)
  from space 8704K, 0% used [0x00000000e7c00000,0x00000000e7c00000,0x00000000e8480000)
  to   space 11264K, 0% used [0x00000000e8500000,0x00000000e8500000,0x00000000e9000000)
 ParOldGen       total 60928K, used 19561K [0x00000000a0000000, 0x00000000a3b80000, 0x00000000e0000000)
  object space 60928K, 32% used [0x00000000a0000000,0x00000000a131a618,0x00000000a3b80000)
 Metaspace       used 34770K, capacity 35322K, committed 35416K, reserved 1079296K
  class space    used 4788K, capacity 4971K, committed 4992K, reserved 1048576K
}
Event: 20.777 GC heap before
{Heap before GC invocations=12 (full 2):
 PSYoungGen      total 133632K, used 124928K [0x00000000e0000000, 0x00000000e9000000, 0x0000000100000000)
  eden space 124928K, 100% used [0x00000000e0000000,0x00000000e7a00000,0x00000000e7a00000)
  from space 8704K, 0% used [0x00000000e7c00000,0x00000000e7c00000,0x00000000e8480000)
  to   space 11264K, 0% used [0x00000000e8500000,0x00000000e8500000,0x00000000e9000000)
 ParOldGen       total 60928K, used 19561K [0x00000000a0000000, 0x00000000a3b80000, 0x00000000e0000000)
  object space 60928K, 32% used [0x00000000a0000000,0x00000000a131a618,0x00000000a3b80000)
 Metaspace       used 42805K, capacity 43822K, committed 44160K, reserved 1087488K
  class space    used 5886K, capacity 6174K, committed 6272K, reserved 1048576K
Event: 20.796 GC heap after
Heap after GC invocations=12 (full 2):
 PSYoungGen      total 133632K, used 11241K [0x00000000e0000000, 0x00000000eb800000, 0x0000000100000000)
  eden space 122368K, 0% used [0x00000000e0000000,0x00000000e0000000,0x00000000e7780000)
  from space 11264K, 99% used [0x00000000e8500000,0x00000000e8ffa790,0x00000000e9000000)
  to   space 13824K, 0% used [0x00000000e7780000,0x00000000e7780000,0x00000000e8500000)
 ParOldGen       total 60928K, used 21985K [0x00000000a0000000, 0x00000000a3b80000, 0x00000000e0000000)
  object space 60928K, 36% used [0x00000000a0000000,0x00000000a1578500,0x00000000a3b80000)
 Metaspace       used 42805K, capacity 43822K, committed 44160K, reserved 1087488K
  class space    used 5886K, capacity 6174K, committed 6272K, reserved 1048576K
}

