# JRE version: OpenJDK Runtime Environment (8.0_152-b02) (build 1.8.0_152-release-1024-b02)
# Java VM: OpenJDK 64-Bit Server VM (25.152-b02 mixed mode windows-amd64 compressed oops)
Heap:
 PSYoungGen      total 112640K, used 24881K [0x00000000e0000000, 0x00000000e8d00000, 0x0000000100000000)
  eden space 104960K, 16% used [0x00000000e0000000,0x00000000e11200a0,0x00000000e6680000)
  from space 7680K, 95% used [0x00000000e8580000,0x00000000e8cac6e8,0x00000000e8d00000)
  to   space 8704K, 0% used [0x00000000e7c00000,0x00000000e7c00000,0x00000000e8480000)
 ParOldGen       total 37376K, used 10932K [0x00000000a0000000, 0x00000000a2480000, 0x00000000e0000000)
  object space 37376K, 29% used [0x00000000a0000000,0x00000000a0aad338,0x00000000a2480000)
 Metaspace       used 27605K, capacity 28124K, committed 28416K, reserved 1073152K
  class space    used 3852K, capacity 3993K, committed 4096K, reserved 1048576K
GC Heap History (10 events):
Event: 3.238 GC heap before
{Heap before GC invocations=5 (full 0):
 PSYoungGen      total 35328K, used 35320K [0x00000000e0000000, 0x00000000e2500000, 0x0000000100000000)
  eden space 32768K, 100% used [0x00000000e0000000,0x00000000e2000000,0x00000000e2000000)
  from space 2560K, 99% used [0x00000000e2280000,0x00000000e24fe050,0x00000000e2500000)
  to   space 2560K, 0% used [0x00000000e2000000,0x00000000e2000000,0x00000000e2280000)
 ParOldGen       total 44032K, used 4102K [0x00000000a0000000, 0x00000000a2b00000, 0x00000000e0000000)
  object space 44032K, 9% used [0x00000000a0000000,0x00000000a04018e0,0x00000000a2b00000)
 Metaspace       used 14418K, capacity 14786K, committed 14976K, reserved 1062912K
  class space    used 2010K, capacity 2127K, committed 2176K, reserved 1048576K
Event: 3.247 GC heap after
Heap after GC invocations=5 (full 0):
 PSYoungGen      total 35328K, used 2552K [0x00000000e0000000, 0x00000000e4d00000, 0x0000000100000000)
  eden space 32768K, 0% used [0x00000000e0000000,0x00000000e0000000,0x00000000e2000000)
  from space 2560K, 99% used [0x00000000e2000000,0x00000000e227e030,0x00000000e2280000)
  to   space 6656K, 0% used [0x00000000e4680000,0x00000000e4680000,0x00000000e4d00000)
 ParOldGen       total 44032K, used 7826K [0x00000000a0000000, 0x00000000a2b00000, 0x00000000e0000000)
  object space 44032K, 17% used [0x00000000a0000000,0x00000000a07a4a18,0x00000000a2b00000)
 Metaspace       used 14418K, capacity 14786K, committed 14976K, reserved 1062912K
  class space    used 2010K, capacity 2127K, committed 2176K, reserved 1048576K
}
Event: 4.521 GC heap before
{Heap before GC invocations=6 (full 0):
 PSYoungGen      total 35328K, used 35320K [0x00000000e0000000, 0x00000000e4d00000, 0x0000000100000000)
  eden space 32768K, 100% used [0x00000000e0000000,0x00000000e2000000,0x00000000e2000000)
  from space 2560K, 99% used [0x00000000e2000000,0x00000000e227e030,0x00000000e2280000)
  to   space 6656K, 0% used [0x00000000e4680000,0x00000000e4680000,0x00000000e4d00000)
 ParOldGen       total 44032K, used 7826K [0x00000000a0000000, 0x00000000a2b00000, 0x00000000e0000000)
  object space 44032K, 17% used [0x00000000a0000000,0x00000000a07a4a18,0x00000000a2b00000)
 Metaspace       used 17604K, capacity 18076K, committed 18304K, reserved 1064960K
  class space    used 2530K, capacity 2658K, committed 2688K, reserved 1048576K
Event: 4.529 GC heap after
Heap after GC invocations=6 (full 0):
 PSYoungGen      total 71168K, used 6636K [0x00000000e0000000, 0x00000000e4f00000, 0x0000000100000000)
  eden space 64512K, 0% used [0x00000000e0000000,0x00000000e0000000,0x00000000e3f00000)
  from space 6656K, 99% used [0x00000000e4680000,0x00000000e4cfb1d8,0x00000000e4d00000)
  to   space 7680K, 0% used [0x00000000e3f00000,0x00000000e3f00000,0x00000000e4680000)
 ParOldGen       total 44032K, used 7984K [0x00000000a0000000, 0x00000000a2b00000, 0x00000000e0000000)
  object space 44032K, 18% used [0x00000000a0000000,0x00000000a07cc210,0x00000000a2b00000)
 Metaspace       used 17604K, capacity 18076K, committed 18304K, reserved 1064960K
  class space    used 2530K, capacity 2658K, committed 2688K, reserved 1048576K
}
Event: 4.909 GC heap before
{Heap before GC invocations=7 (full 0):
 PSYoungGen      total 71168K, used 20260K [0x00000000e0000000, 0x00000000e4f00000, 0x0000000100000000)
  eden space 64512K, 21% used [0x00000000e0000000,0x00000000e0d4dfe0,0x00000000e3f00000)
  from space 6656K, 99% used [0x00000000e4680000,0x00000000e4cfb1d8,0x00000000e4d00000)
  to   space 7680K, 0% used [0x00000000e3f00000,0x00000000e3f00000,0x00000000e4680000)
 ParOldGen       total 44032K, used 7984K [0x00000000a0000000, 0x00000000a2b00000, 0x00000000e0000000)
  object space 44032K, 18% used [0x00000000a0000000,0x00000000a07cc210,0x00000000a2b00000)
 Metaspace       used 20794K, capacity 21212K, committed 21248K, reserved 1067008K
  class space    used 2897K, capacity 3042K, committed 3072K, reserved 1048576K
Event: 4.931 GC heap after
Heap after GC invocations=7 (full 0):
 PSYoungGen      total 72192K, used 5622K [0x00000000e0000000, 0x00000000e8d00000, 0x0000000100000000)
  eden space 64512K, 0% used [0x00000000e0000000,0x00000000e0000000,0x00000000e3f00000)
  from space 7680K, 73% used [0x00000000e3f00000,0x00000000e447d8a8,0x00000000e4680000)
  to   space 7680K, 0% used [0x00000000e8580000,0x00000000e8580000,0x00000000e8d00000)
 ParOldGen       total 44032K, used 8761K [0x00000000a0000000, 0x00000000a2b00000, 0x00000000e0000000)
  object space 44032K, 19% used [0x00000000a0000000,0x00000000a088e7f8,0x00000000a2b00000)
 Metaspace       used 20794K, capacity 21212K, committed 21248K, reserved 1067008K
  class space    used 2897K, capacity 3042K, committed 3072K, reserved 1048576K
}
Event: 4.931 GC heap before
{Heap before GC invocations=8 (full 1):
 PSYoungGen      total 72192K, used 5622K [0x00000000e0000000, 0x00000000e8d00000, 0x0000000100000000)
  eden space 64512K, 0% used [0x00000000e0000000,0x00000000e0000000,0x00000000e3f00000)
  from space 7680K, 73% used [0x00000000e3f00000,0x00000000e447d8a8,0x00000000e4680000)
  to   space 7680K, 0% used [0x00000000e8580000,0x00000000e8580000,0x00000000e8d00000)
 ParOldGen       total 44032K, used 8761K [0x00000000a0000000, 0x00000000a2b00000, 0x00000000e0000000)
  object space 44032K, 19% used [0x00000000a0000000,0x00000000a088e7f8,0x00000000a2b00000)
 Metaspace       used 20794K, capacity 21212K, committed 21248K, reserved 1067008K
  class space    used 2897K, capacity 3042K, committed 3072K, reserved 1048576K
Event: 5.019 GC heap after
Heap after GC invocations=8 (full 1):
 PSYoungGen      total 72192K, used 0K [0x00000000e0000000, 0x00000000e8d00000, 0x0000000100000000)
  eden space 64512K, 0% used [0x00000000e0000000,0x00000000e0000000,0x00000000e3f00000)
  from space 7680K, 0% used [0x00000000e3f00000,0x00000000e3f00000,0x00000000e4680000)
  to   space 7680K, 0% used [0x00000000e8580000,0x00000000e8580000,0x00000000e8d00000)
 ParOldGen       total 37376K, used 10924K [0x00000000a0000000, 0x00000000a2480000, 0x00000000e0000000)
  object space 37376K, 29% used [0x00000000a0000000,0x00000000a0aab338,0x00000000a2480000)
 Metaspace       used 20794K, capacity 21212K, committed 21248K, reserved 1067008K
  class space    used 2897K, capacity 3042K, committed 3072K, reserved 1048576K
}
Event: 6.918 GC heap before
{Heap before GC invocations=9 (full 1):
 PSYoungGen      total 72192K, used 64512K [0x00000000e0000000, 0x00000000e8d00000, 0x0000000100000000)
  eden space 64512K, 100% used [0x00000000e0000000,0x00000000e3f00000,0x00000000e3f00000)
  from space 7680K, 0% used [0x00000000e3f00000,0x00000000e3f00000,0x00000000e4680000)
  to   space 7680K, 0% used [0x00000000e8580000,0x00000000e8580000,0x00000000e8d00000)
 ParOldGen       total 37376K, used 10924K [0x00000000a0000000, 0x00000000a2480000, 0x00000000e0000000)
  object space 37376K, 29% used [0x00000000a0000000,0x00000000a0aab338,0x00000000a2480000)
 Metaspace       used 26573K, capacity 27126K, committed 27136K, reserved 1073152K
  class space    used 3661K, capacity 3831K, committed 3840K, reserved 1048576K
Event: 6.970 GC heap after
Heap after GC invocations=9 (full 1):
 PSYoungGen      total 112640K, used 7345K [0x00000000e0000000, 0x00000000e8d00000, 0x0000000100000000)
  eden space 104960K, 0% used [0x00000000e0000000,0x00000000e0000000,0x00000000e6680000)
  from space 7680K, 95% used [0x00000000e8580000,0x00000000e8cac6e8,0x00000000e8d00000)
  to   space 8704K, 0% used [0x00000000e7c00000,0x00000000e7c00000,0x00000000e8480000)
 ParOldGen       total 37376K, used 10932K [0x00000000a0000000, 0x00000000a2480000, 0x00000000e0000000)
  object space 37376K, 29% used [0x00000000a0000000,0x00000000a0aad338,0x00000000a2480000)
 Metaspace       used 26573K, capacity 27126K, committed 27136K, reserved 1073152K
  class space    used 3661K, capacity 3831K, committed 3840K, reserved 1048576K
}

